<?xml version="1.0" encoding="UTF-8"?>
<!-- Generated by org.testng.reporters.JUnitReportReporter -->
<testsuite skipped="0" hostname="LP-5CD6518TWJ" name="basic.DynamicJsonExample" tests="6" failures="0" timestamp="25 Apr 2021 06:29:46 GMT" time="5.511" errors="0">
  <testcase name="DeleteBook" time="0.141" classname="basic.DynamicJsonExample"/>
  <testcase name="AddBook" time="4.683" classname="basic.DynamicJsonExample"/>
  <testcase name="AddBook" time="0.172" classname="basic.DynamicJsonExample"/>
  <testcase name="DeleteBook" time="0.156" classname="basic.DynamicJsonExample"/>
  <testcase name="AddBook" time="0.203" classname="basic.DynamicJsonExample"/>
  <testcase name="DeleteBook" time="0.156" classname="basic.DynamicJsonExample"/>
</testsuite> <!-- basic.DynamicJsonExample -->
